<html>
<body>
<pre>
<h1>Vision Build Log</h1>
<h2>Project:</h2>
C:\Users\Es无语中\Desktop\51\实验四：蜂鸣器\template.uvproj
Project File Date:  09/30/2018

<h2>Output:</h2>
Build target 'Target 1'
compiling main.c...
linking...
Program Size: data=9.0 xdata=0 code=85
creating hex file from "template"...
"template" - 0 Error(s), 0 Warning(s).
Build target 'Target 1'
compiling main.c...
MAIN.C(3): error C202: 'p1': undefined identifier
MAIN.C(5): error C141: syntax error near 'typedef', expected ';'
MAIN.C(15): error C202: 'beep': undefined identifier
Target not created
Build target 'Target 1'
compiling main.c...
MAIN.C(3): error C202: 'p1': undefined identifier
MAIN.C(15): error C202: 'beep': undefined identifier
Target not created
Build target 'Target 1'
compiling main.c...
linking...
Program Size: data=9.0 xdata=0 code=37
creating hex file from "template"...
"template" - 0 Error(s), 0 Warning(s).
Build target 'Target 1'
compiling main.c...
linking...
Program Size: data=9.0 xdata=0 code=37
creating hex file from "template"...
"template" - 0 Error(s), 0 Warning(s).
Build target 'Target 1'
compiling main.c...
linking...
Program Size: data=9.0 xdata=0 code=37
creating hex file from "template"...
"template" - 0 Error(s), 0 Warning(s).
Build target 'Target 1'
compiling main.c...
linking...
Program Size: data=9.0 xdata=0 code=37
creating hex file from "template"...
"template" - 0 Error(s), 0 Warning(s).
Build target 'Target 1'
compiling main.c...
linking...
Program Size: data=9.0 xdata=0 code=37
creating hex file from "template"...
"template" - 0 Error(s), 0 Warning(s).
Build target 'Target 1'
compiling main.c...
linking...
Program Size: data=9.0 xdata=0 code=55
creating hex file from "template"...
"template" - 0 Error(s), 0 Warning(s).
Build target 'Target 1'
compiling main.c...
linking...
Program Size: data=9.0 xdata=0 code=83
creating hex file from "template"...
"template" - 0 Error(s), 0 Warning(s).
Build target 'Target 1'
compiling main.c...
linking...
Program Size: data=9.0 xdata=0 code=90
creating hex file from "template"...
"template" - 0 Error(s), 0 Warning(s).
Build target 'Target 1'
linking...
Program Size: data=9.0 xdata=0 code=90
creating hex file from "template"...
"template" - 0 Error(s), 0 Warning(s).
Build target 'Target 1'
compiling main.c...
linking...
*** WARNING L16: UNCALLED SEGMENT, IGNORED FOR OVERLAY PROCESS
    SEGMENT: ?PR?_DELAY?MAIN
Program Size: data=9.0 xdata=0 code=28
creating hex file from "template"...
"template" - 0 Error(s), 1 Warning(s).
Build target 'Target 1'
compiling main.c...
MAIN.C(48): error C213: left side of asn-op not an lvalue
main.c(131): warning C316: unterminated conditionals
Target not created
